artifacts/artifacts.html
artifacts/artifacts.lst
artifacts/linic.asc
artifacts/rust-i586/rust-1.85.0-i586-unknown-linux-gnu.tar.gz
artifacts/rust-i586/rust-1.85.0-i586-unknown-linux-gnu.tar.gz.config.toml
artifacts/rust-i586/rust-1.85.0-i586-unknown-linux-gnu.tar.gz.md5.txt
artifacts/rust-i586/rust-1.85.0-i586-unknown-linux-gnu.tar.gz.sha512sum
artifacts/rust-i586/rust-1.85.0-i586-unknown-linux-gnu.tar.gz.sig
artifacts/rust-i586/rust-1.86.0-2025-04-17_185018-rust-i586-build-log.txt
artifacts/rust-i586/rust-1.86.0-i586-unknown-linux-gnu.tar.gz
artifacts/rust-i586/rust-1.86.0-i586-unknown-linux-gnu.tar.gz.config.toml
artifacts/rust-i586/rust-1.86.0-i586-unknown-linux-gnu.tar.gz.md5.txt
artifacts/rust-i586/rust-1.86.0-i586-unknown-linux-gnu.tar.gz.sha512.txt
artifacts/rust-i586/rust-1.86.0-i586-unknown-linux-gnu.tar.gz.sig
artifacts/rust-i586/rust-1.87.0-2025-07-12_011808-rust-i586-build-log.txt
artifacts/rust-i586/rust-1.87.0-i586-unknown-linux-gnu.tar.gz
artifacts/rust-i586/rust-1.87.0-i586-unknown-linux-gnu.tar.gz.bootstrap.toml
artifacts/rust-i586/rust-1.87.0-i586-unknown-linux-gnu.tar.gz.md5.txt
artifacts/rust-i586/rust-1.87.0-i586-unknown-linux-gnu.tar.gz.sha512.txt
artifacts/rust-i586/rust-1.87.0-i586-unknown-linux-gnu.tar.gz.sig
artifacts/rust-i586/rust-1.88.0-2025-07-12_122000-rust-i586-build-log.txt
artifacts/rust-i586/rust-1.88.0-i586-unknown-linux-gnu.tar.gz
artifacts/rust-i586/rust-1.88.0-i586-unknown-linux-gnu.tar.gz.bootstrap.toml
artifacts/rust-i586/rust-1.88.0-i586-unknown-linux-gnu.tar.gz.md5.txt
artifacts/rust-i586/rust-1.88.0-i586-unknown-linux-gnu.tar.gz.sha512.txt
artifacts/rust-i586/rust-1.88.0-i586-unknown-linux-gnu.tar.gz.sig
artifacts/rust-i586/rust-1.89.0-2025-08-16_232654-rust-i586-build-log.txt
artifacts/rust-i586/rust-1.89.0-i586-unknown-linux-gnu.tar.gz
artifacts/rust-i586/rust-1.89.0-i586-unknown-linux-gnu.tar.gz.bootstrap.toml
artifacts/rust-i586/rust-1.89.0-i586-unknown-linux-gnu.tar.gz.md5.txt
artifacts/rust-i586/rust-1.89.0-i586-unknown-linux-gnu.tar.gz.sha512.txt
artifacts/rust-i586/rust-1.89.0-i586-unknown-linux-gnu.tar.gz.sig
artifacts/rust-i586/rust-1.90.0-i586-unknown-linux-gnu.tar.gz
artifacts/rust-i586/rust-1.90.0-i586-unknown-linux-gnu.tar.gz.bootstrap.toml
artifacts/rust-i586/rust-1.90.0-i586-unknown-linux-gnu.tar.gz.md5.txt
artifacts/rust-i586/rust-1.90.0-i586-unknown-linux-gnu.tar.gz.sha512.txt
artifacts/rust-i586/rust-1.90.0-i586-unknown-linux-gnu.tar.gz.sig
artifacts/rust-i586/rust-1.91.0-2025-11-01_221842-rust-i586-build-log.txt
artifacts/rust-i586/rust-1.91.0-i586-unknown-linux-gnu.tar.gz
artifacts/rust-i586/rust-1.91.0-i586-unknown-linux-gnu.tar.gz.bootstrap.toml
artifacts/rust-i586/rust-1.91.0-i586-unknown-linux-gnu.tar.gz.md5.txt
artifacts/rust-i586/rust-1.91.0-i586-unknown-linux-gnu.tar.gz.sha512.txt
artifacts/rust-i586/rust-1.91.0-i586-unknown-linux-gnu.tar.gz.sig
artifacts/rust-i586/rust-1.92.0-2025-12-21_200136-rust-i586-build-log.txt
artifacts/rust-i586/rust-1.92.0-i586-unknown-linux-gnu.tar.gz
artifacts/rust-i586/rust-1.92.0-i586-unknown-linux-gnu.tar.gz.bootstrap.toml
artifacts/rust-i586/rust-1.92.0-i586-unknown-linux-gnu.tar.gz.md5.txt
artifacts/rust-i586/rust-1.92.0-i586-unknown-linux-gnu.tar.gz.sha512.txt
artifacts/rust-i586/rust-1.92.0-i586-unknown-linux-gnu.tar.gz.sig
artifacts/rust-i586/rust-1.93.0-2026-01-31_111117-rust-i586-build-log.txt
artifacts/rust-i586/rust-1.93.0-i586-unknown-linux-gnu.tar.gz
artifacts/rust-i586/rust-1.93.0-i586-unknown-linux-gnu.tar.gz.bootstrap.toml
artifacts/rust-i586/rust-1.93.0-i586-unknown-linux-gnu.tar.gz.md5.txt
artifacts/rust-i586/rust-1.93.0-i586-unknown-linux-gnu.tar.gz.sha512.txt
artifacts/rust-i586/rust-1.93.0-i586-unknown-linux-gnu.tar.gz.sig
