binutils.tcz
bison.tcz
bzip2-lib.tcz
ca-certificates.tcz
compiletc.tcz
curl.tcz
diffutils.tcz
e2fsprogs_base-dev.tcz
file.tcz
findutils.tcz
gawk.tcz
gcc_base-dev.tcz
gcc_libs-dev.tcz
gcc_libs.tcz
gcc.tcz
gettext.tcz
glibc_add_lib.tcz
glibc_base-dev.tcz
grep.tcz
isl.tcz
liblzma.tcz
libxcrypt_base-dev.tcz
libzstd.tcz
linux-6.12_api_headers.tcz
m4.tcz
make.tcz
mirror-enable-https.tcz
mpc.tcz
mpfr.tcz
openssl-3.2.0-i586.tcz
openssl-i586.tcz
openssl.tcz
patch.tcz
pkg-config.tcz
quadrato-uno.tcz
readline.tcz
rust-1.92.0-i586-doc.tcz
rust-1.92.0-i586.tcz
rust-i586-doc.tcz
rust-i586.tcz
sed.tcz
tce-load-github-lfs.tcz
util-linux_base-dev.tcz
zlib_base-dev.tcz
